<?xml version="1.0" encoding="UTF-8"?>
<testng-results skipped="0" failed="0" ignored="0" total="1" passed="1">
  <reporter-output>
  </reporter-output>
  <suite name="Default suite" duration-ms="1362" started-at="2018-11-18T09:50:01Z" finished-at="2018-11-18T09:50:02Z">
    <groups>
    </groups>
    <test name="Default test" duration-ms="1362" started-at="2018-11-18T09:50:01Z" finished-at="2018-11-18T09:50:02Z">
      <class name="com.qa.test.GetAPITest">
        <test-method status="PASS" signature="setUp()[pri:0, instance:com.qa.test.GetAPITest@1753acfe]" name="setUp" is-config="true" duration-ms="8" started-at="2018-11-18T09:50:01Z" finished-at="2018-11-18T09:50:01Z">
          <reporter-output>
          </reporter-output>
        </test-method> <!-- setUp -->
        <test-method status="PASS" signature="getTest()[pri:0, instance:com.qa.test.GetAPITest@1753acfe]" name="getTest" duration-ms="1314" started-at="2018-11-18T09:50:01Z" finished-at="2018-11-18T09:50:02Z">
          <reporter-output>
          </reporter-output>
        </test-method> <!-- getTest -->
      </class> <!-- com.qa.test.GetAPITest -->
    </test> <!-- Default test -->
  </suite> <!-- Default suite -->
</testng-results>
